2025-04-23 10:42:12,480 [restartedMain] INFO  com.ngleanhvu.LearnJavaApplication                 : Starting LearnJavaApplication using Java 21.0.5 with PID 6866 (/Users/nguoideptrangian/Documents/Blog-app/target/classes started by nguoideptrangian in /Users/nguoideptrangian/Documents/Blog-app)
2025-04-23 10:42:12,484 [restartedMain] INFO  com.ngleanhvu.LearnJavaApplication                 : No active profile set, falling back to 1 default profile: "default"
2025-04-23 10:42:12,560 [restartedMain] INFO  o.s.b.d.e.DevToolsPropertyDefaultsPostProcessor    : Devtools property defaults active! Set 'spring.devtools.add-properties' to 'false' to disable
2025-04-23 10:42:12,560 [restartedMain] INFO  o.s.b.d.e.DevToolsPropertyDefaultsPostProcessor    : For additional web related logging consider setting the 'logging.level.web' property to 'DEBUG'
2025-04-23 10:42:14,000 [restartedMain] INFO  o.s.d.r.c.RepositoryConfigurationDelegate          : Bootstrapping Spring Data JPA repositories in DEFAULT mode.
2025-04-23 10:42:14,076 [restartedMain] INFO  o.s.d.r.c.RepositoryConfigurationDelegate          : Finished Spring Data repository scanning in 68 ms. Found 5 JPA repository interfaces.
2025-04-23 10:42:14,933 [restartedMain] INFO  o.s.b.w.embedded.tomcat.TomcatWebServer            : Tomcat initialized with port 8080 (http)
2025-04-23 10:42:14,944 [restartedMain] INFO  o.apache.catalina.core.StandardService             : Starting service [Tomcat]
2025-04-23 10:42:14,944 [restartedMain] INFO  org.apache.catalina.core.StandardEngine            : Starting Servlet engine: [Apache Tomcat/10.1.18]
2025-04-23 10:42:14,980 [restartedMain] INFO  o.a.c.c.C.[Tomcat].[localhost].[/]                 : Initializing Spring embedded WebApplicationContext
2025-04-23 10:42:14,981 [restartedMain] INFO  o.s.b.w.s.c.ServletWebServerApplicationContext     : Root WebApplicationContext: initialization completed in 2421 ms
2025-04-23 10:42:15,299 [restartedMain] INFO  o.hibernate.jpa.internal.util.LogHelper            : HHH000204: Processing PersistenceUnitInfo [name: default]
2025-04-23 10:42:15,340 [restartedMain] INFO  org.hibernate.Version                              : HHH000412: Hibernate ORM core version 6.4.1.Final
2025-04-23 10:42:15,365 [restartedMain] INFO  o.h.c.internal.RegionFactoryInitiator              : HHH000026: Second-level cache disabled
2025-04-23 10:42:15,521 [restartedMain] INFO  o.s.o.j.p.SpringPersistenceUnitInfo                : No LoadTimeWeaver setup: ignoring JPA class transformer
2025-04-23 10:42:15,546 [restartedMain] INFO  com.zaxxer.hikari.HikariDataSource                 : HikariPool-1 - Starting...
2025-04-23 10:42:19,108 [restartedMain] INFO  com.zaxxer.hikari.pool.HikariPool                  : HikariPool-1 - Added connection com.mysql.cj.jdbc.ConnectionImpl@293f6af3
2025-04-23 10:42:19,113 [restartedMain] INFO  com.zaxxer.hikari.HikariDataSource                 : HikariPool-1 - Start completed.
2025-04-23 10:42:19,681 [restartedMain] WARN  org.hibernate.orm.deprecation                      : HHH90000025: MySQLDialect does not need to be specified explicitly using 'hibernate.dialect' (remove the property setting and it will be selected by default)
2025-04-23 10:42:20,704 [restartedMain] INFO  o.h.e.t.j.p.i.JtaPlatformInitiator                 : HHH000489: No JTA platform available (set 'hibernate.transaction.jta.platform' to enable JTA platform integration)
2025-04-23 10:42:25,113 [restartedMain] INFO  o.s.o.j.LocalContainerEntityManagerFactoryBean     : Initialized JPA EntityManagerFactory for persistence unit 'default'
2025-04-23 10:42:25,497 [restartedMain] INFO  o.s.d.j.r.query.QueryEnhancerFactory               : Hibernate is in classpath; If applicable, HQL parser will be used.
2025-04-23 10:42:26,969 [restartedMain] WARN  o.s.b.a.o.j.JpaBaseConfiguration$JpaWebConfiguration : spring.jpa.open-in-view is enabled by default. Therefore, database queries may be performed during view rendering. Explicitly configure spring.jpa.open-in-view to disable this warning
2025-04-23 10:42:27,959 [restartedMain] INFO  o.s.b.a.e.web.EndpointLinksResolver                : Exposing 14 endpoint(s) beneath base path '/actuator'
2025-04-23 10:42:28,045 [restartedMain] INFO  o.s.s.web.DefaultSecurityFilterChain               : Will secure any request with [org.springframework.security.web.session.DisableEncodeUrlFilter@5ca3ced8, org.springframework.security.web.context.request.async.WebAsyncManagerIntegrationFilter@252d6f50, org.springframework.security.web.context.SecurityContextHolderFilter@51ce31f0, org.springframework.security.web.header.HeaderWriterFilter@8dc4ec8, org.springframework.web.filter.CorsFilter@5cf9dd30, org.springframework.security.web.authentication.logout.LogoutFilter@3f38864c, com.ngleanhvu.security.JwtAuthenticationFilter@47e02eac, org.springframework.security.web.savedrequest.RequestCacheAwareFilter@69b659f8, org.springframework.security.web.servletapi.SecurityContextHolderAwareRequestFilter@13135be4, org.springframework.security.web.authentication.AnonymousAuthenticationFilter@25efa956, org.springframework.security.web.session.SessionManagementFilter@10db91ff, org.springframework.security.web.access.ExceptionTranslationFilter@30e101f4, org.springframework.security.web.access.intercept.AuthorizationFilter@6fe1812d]
2025-04-23 10:42:28,993 [restartedMain] INFO  o.s.b.d.a.OptionalLiveReloadServer                 : LiveReload server is running on port 35729
2025-04-23 10:42:29,089 [restartedMain] INFO  o.s.b.w.embedded.tomcat.TomcatWebServer            : Tomcat started on port 8080 (http) with context path ''
2025-04-23 10:42:29,114 [restartedMain] INFO  com.ngleanhvu.LearnJavaApplication                 : Started LearnJavaApplication in 17.317 seconds (process running for 18.414)
2025-04-23 10:42:29,570 [RMI TCP Connection(1)-127.0.0.1] INFO  o.a.c.c.C.[Tomcat].[localhost].[/]                 : Initializing Spring DispatcherServlet 'dispatcherServlet'
2025-04-23 10:42:29,572 [RMI TCP Connection(1)-127.0.0.1] INFO  o.s.web.servlet.DispatcherServlet                  : Initializing Servlet 'dispatcherServlet'
2025-04-23 10:42:29,574 [RMI TCP Connection(1)-127.0.0.1] INFO  o.s.web.servlet.DispatcherServlet                  : Completed initialization in 2 ms
2025-04-23 10:42:39,952 [http-nio-8080-exec-1] INFO  o.apache.tomcat.util.http.parser.Cookie            : A cookie header was received [g_state={"i_l":0}] that contained an invalid cookie. That cookie will be ignored.
 Note: further occurrences of this error will be logged at DEBUG level.
2025-04-23 10:42:55,399 [http-nio-8080-exec-2] INFO  o.springdoc.api.AbstractOpenApiResource            : Init duration for springdoc-openapi is: 375 ms
