2024-03-04 12:59:44,664 [SpringApplicationShutdownHook] INFO  o.s.o.j.LocalContainerEntityManagerFactoryBean     : Closing JPA EntityManagerFactory for persistence unit 'default'
2024-03-04 12:59:44,667 [SpringApplicationShutdownHook] INFO  com.zaxxer.hikari.HikariDataSource                 : HikariPool-1 - Shutdown initiated...
2024-03-04 12:59:44,671 [SpringApplicationShutdownHook] INFO  com.zaxxer.hikari.HikariDataSource                 : HikariPool-1 - Shutdown completed.
2024-03-04 12:59:50,255 [restartedMain] INFO  com.ngleanhvu.LearnJavaApplication                 : Starting LearnJavaApplication using Java 17.0.5 with PID 1538 (/Users/nguoideptrangian/Downloads/DOWLOAD/learn-java 2/target/classes started by nguoideptrangian in /Users/nguoideptrangian/Downloads/DOWLOAD/learn-java 2)
2024-03-04 12:59:50,256 [restartedMain] INFO  com.ngleanhvu.LearnJavaApplication                 : No active profile set, falling back to 1 default profile: "default"
2024-03-04 12:59:50,297 [restartedMain] INFO  o.s.b.d.e.DevToolsPropertyDefaultsPostProcessor    : Devtools property defaults active! Set 'spring.devtools.add-properties' to 'false' to disable
2024-03-04 12:59:50,297 [restartedMain] INFO  o.s.b.d.e.DevToolsPropertyDefaultsPostProcessor    : For additional web related logging consider setting the 'logging.level.web' property to 'DEBUG'
2024-03-04 12:59:50,941 [restartedMain] INFO  o.s.d.r.c.RepositoryConfigurationDelegate          : Bootstrapping Spring Data JPA repositories in DEFAULT mode.
2024-03-04 12:59:50,976 [restartedMain] INFO  o.s.d.r.c.RepositoryConfigurationDelegate          : Finished Spring Data repository scanning in 30 ms. Found 5 JPA repository interfaces.
2024-03-04 12:59:51,497 [restartedMain] INFO  o.s.b.w.embedded.tomcat.TomcatWebServer            : Tomcat initialized with port 8080 (http)
2024-03-04 12:59:51,504 [restartedMain] INFO  o.apache.catalina.core.StandardService             : Starting service [Tomcat]
2024-03-04 12:59:51,504 [restartedMain] INFO  org.apache.catalina.core.StandardEngine            : Starting Servlet engine: [Apache Tomcat/10.1.18]
2024-03-04 12:59:51,535 [restartedMain] INFO  o.a.c.c.C.[Tomcat].[localhost].[/]                 : Initializing Spring embedded WebApplicationContext
2024-03-04 12:59:51,535 [restartedMain] INFO  o.s.b.w.s.c.ServletWebServerApplicationContext     : Root WebApplicationContext: initialization completed in 1238 ms
2024-03-04 12:59:51,748 [restartedMain] INFO  o.hibernate.jpa.internal.util.LogHelper            : HHH000204: Processing PersistenceUnitInfo [name: default]
2024-03-04 12:59:51,780 [restartedMain] INFO  org.hibernate.Version                              : HHH000412: Hibernate ORM core version 6.4.1.Final
2024-03-04 12:59:51,799 [restartedMain] INFO  o.h.c.internal.RegionFactoryInitiator              : HHH000026: Second-level cache disabled
2024-03-04 12:59:51,909 [restartedMain] INFO  o.s.o.j.p.SpringPersistenceUnitInfo                : No LoadTimeWeaver setup: ignoring JPA class transformer
2024-03-04 12:59:51,920 [restartedMain] INFO  com.zaxxer.hikari.HikariDataSource                 : HikariPool-1 - Starting...
2024-03-04 12:59:52,011 [restartedMain] INFO  com.zaxxer.hikari.pool.HikariPool                  : HikariPool-1 - Added connection com.mysql.cj.jdbc.ConnectionImpl@5b6996e0
2024-03-04 12:59:52,012 [restartedMain] INFO  com.zaxxer.hikari.HikariDataSource                 : HikariPool-1 - Start completed.
2024-03-04 12:59:52,045 [restartedMain] WARN  org.hibernate.orm.deprecation                      : HHH90000025: MySQLDialect does not need to be specified explicitly using 'hibernate.dialect' (remove the property setting and it will be selected by default)
2024-03-04 12:59:52,514 [restartedMain] INFO  o.h.e.t.j.p.i.JtaPlatformInitiator                 : HHH000489: No JTA platform available (set 'hibernate.transaction.jta.platform' to enable JTA platform integration)
2024-03-04 12:59:52,567 [restartedMain] INFO  o.s.o.j.LocalContainerEntityManagerFactoryBean     : Initialized JPA EntityManagerFactory for persistence unit 'default'
2024-03-04 12:59:52,720 [restartedMain] INFO  o.s.d.j.r.query.QueryEnhancerFactory               : Hibernate is in classpath; If applicable, HQL parser will be used.
2024-03-04 12:59:53,288 [restartedMain] WARN  o.s.b.a.o.j.JpaBaseConfiguration$JpaWebConfiguration : spring.jpa.open-in-view is enabled by default. Therefore, database queries may be performed during view rendering. Explicitly configure spring.jpa.open-in-view to disable this warning
2024-03-04 12:59:53,623 [restartedMain] INFO  o.s.b.a.e.web.EndpointLinksResolver                : Exposing 14 endpoint(s) beneath base path '/actuator'
2024-03-04 12:59:53,656 [restartedMain] INFO  o.s.s.web.DefaultSecurityFilterChain               : Will secure any request with [org.springframework.security.web.session.DisableEncodeUrlFilter@6cf0dd2e, org.springframework.security.web.context.request.async.WebAsyncManagerIntegrationFilter@61867917, org.springframework.security.web.context.SecurityContextHolderFilter@4631df64, org.springframework.security.web.header.HeaderWriterFilter@74c158ce, org.springframework.web.filter.CorsFilter@21c7cde, org.springframework.security.web.authentication.logout.LogoutFilter@481fd7, com.ngleanhvu.security.JwtAuthenticationFilter@7d8323c6, org.springframework.security.web.savedrequest.RequestCacheAwareFilter@4aebfe88, org.springframework.security.web.servletapi.SecurityContextHolderAwareRequestFilter@6bee3a58, org.springframework.security.web.authentication.AnonymousAuthenticationFilter@5c1a8878, org.springframework.security.web.session.SessionManagementFilter@2fa6ae39, org.springframework.security.web.access.ExceptionTranslationFilter@49953caa, org.springframework.security.web.access.intercept.AuthorizationFilter@7813bf8f]
2024-03-04 12:59:53,917 [restartedMain] INFO  o.s.b.d.a.OptionalLiveReloadServer                 : LiveReload server is running on port 35729
2024-03-04 12:59:53,965 [restartedMain] INFO  o.s.b.w.embedded.tomcat.TomcatWebServer            : Tomcat started on port 8080 (http) with context path ''
2024-03-04 12:59:53,980 [restartedMain] INFO  com.ngleanhvu.LearnJavaApplication                 : Started LearnJavaApplication in 3.947 seconds (process running for 4.204)
