2024-03-04 12:57:38,406 [restartedMain] INFO  com.ngleanhvu.LearnJavaApplication                 : Starting LearnJavaApplication using Java 17.0.5 with PID 1520 (/Users/nguoideptrangian/Downloads/DOWLOAD/learn-java 2/target/classes started by nguoideptrangian in /Users/nguoideptrangian/Downloads/DOWLOAD/learn-java 2)
2024-03-04 12:57:38,410 [restartedMain] INFO  com.ngleanhvu.LearnJavaApplication                 : No active profile set, falling back to 1 default profile: "default"
2024-03-04 12:57:38,457 [restartedMain] INFO  o.s.b.d.e.DevToolsPropertyDefaultsPostProcessor    : Devtools property defaults active! Set 'spring.devtools.add-properties' to 'false' to disable
2024-03-04 12:57:38,458 [restartedMain] INFO  o.s.b.d.e.DevToolsPropertyDefaultsPostProcessor    : For additional web related logging consider setting the 'logging.level.web' property to 'DEBUG'
2024-03-04 12:57:39,064 [restartedMain] INFO  o.s.d.r.c.RepositoryConfigurationDelegate          : Bootstrapping Spring Data JPA repositories in DEFAULT mode.
2024-03-04 12:57:39,111 [restartedMain] INFO  o.s.d.r.c.RepositoryConfigurationDelegate          : Finished Spring Data repository scanning in 43 ms. Found 5 JPA repository interfaces.
2024-03-04 12:57:39,616 [restartedMain] INFO  o.s.b.w.embedded.tomcat.TomcatWebServer            : Tomcat initialized with port 8080 (http)
2024-03-04 12:57:39,625 [restartedMain] INFO  o.apache.catalina.core.StandardService             : Starting service [Tomcat]
2024-03-04 12:57:39,625 [restartedMain] INFO  org.apache.catalina.core.StandardEngine            : Starting Servlet engine: [Apache Tomcat/10.1.18]
2024-03-04 12:57:39,658 [restartedMain] INFO  o.a.c.c.C.[Tomcat].[localhost].[/]                 : Initializing Spring embedded WebApplicationContext
2024-03-04 12:57:39,658 [restartedMain] INFO  o.s.b.w.s.c.ServletWebServerApplicationContext     : Root WebApplicationContext: initialization completed in 1200 ms
2024-03-04 12:57:39,873 [restartedMain] INFO  o.hibernate.jpa.internal.util.LogHelper            : HHH000204: Processing PersistenceUnitInfo [name: default]
2024-03-04 12:57:39,898 [restartedMain] INFO  org.hibernate.Version                              : HHH000412: Hibernate ORM core version 6.4.1.Final
2024-03-04 12:57:39,917 [restartedMain] INFO  o.h.c.internal.RegionFactoryInitiator              : HHH000026: Second-level cache disabled
2024-03-04 12:57:40,026 [restartedMain] INFO  o.s.o.j.p.SpringPersistenceUnitInfo                : No LoadTimeWeaver setup: ignoring JPA class transformer
2024-03-04 12:57:40,042 [restartedMain] INFO  com.zaxxer.hikari.HikariDataSource                 : HikariPool-1 - Starting...
2024-03-04 12:57:40,130 [restartedMain] INFO  com.zaxxer.hikari.pool.HikariPool                  : HikariPool-1 - Added connection com.mysql.cj.jdbc.ConnectionImpl@70f55de2
2024-03-04 12:57:40,131 [restartedMain] INFO  com.zaxxer.hikari.HikariDataSource                 : HikariPool-1 - Start completed.
2024-03-04 12:57:40,160 [restartedMain] WARN  org.hibernate.orm.deprecation                      : HHH90000025: MySQLDialect does not need to be specified explicitly using 'hibernate.dialect' (remove the property setting and it will be selected by default)
2024-03-04 12:57:40,613 [restartedMain] INFO  o.h.e.t.j.p.i.JtaPlatformInitiator                 : HHH000489: No JTA platform available (set 'hibernate.transaction.jta.platform' to enable JTA platform integration)
2024-03-04 12:57:40,663 [restartedMain] INFO  o.s.o.j.LocalContainerEntityManagerFactoryBean     : Initialized JPA EntityManagerFactory for persistence unit 'default'
2024-03-04 12:57:40,813 [restartedMain] INFO  o.s.d.j.r.query.QueryEnhancerFactory               : Hibernate is in classpath; If applicable, HQL parser will be used.
2024-03-04 12:57:41,344 [restartedMain] WARN  o.s.b.a.o.j.JpaBaseConfiguration$JpaWebConfiguration : spring.jpa.open-in-view is enabled by default. Therefore, database queries may be performed during view rendering. Explicitly configure spring.jpa.open-in-view to disable this warning
2024-03-04 12:57:41,657 [restartedMain] INFO  o.s.b.a.e.web.EndpointLinksResolver                : Exposing 14 endpoint(s) beneath base path '/actuator'
2024-03-04 12:57:41,692 [restartedMain] INFO  o.s.s.web.DefaultSecurityFilterChain               : Will secure any request with [org.springframework.security.web.session.DisableEncodeUrlFilter@24829b9d, org.springframework.security.web.context.request.async.WebAsyncManagerIntegrationFilter@35d50bb7, org.springframework.security.web.context.SecurityContextHolderFilter@43f5bd1, org.springframework.security.web.header.HeaderWriterFilter@6d931686, org.springframework.web.filter.CorsFilter@5dbd74e, org.springframework.security.web.authentication.logout.LogoutFilter@ce10094, com.ngleanhvu.security.JwtAuthenticationFilter@1ed37b61, org.springframework.security.web.savedrequest.RequestCacheAwareFilter@80369bf, org.springframework.security.web.servletapi.SecurityContextHolderAwareRequestFilter@798f01f0, org.springframework.security.web.authentication.AnonymousAuthenticationFilter@319b6ff, org.springframework.security.web.session.SessionManagementFilter@3ba8cfb7, org.springframework.security.web.access.ExceptionTranslationFilter@35aacd9d, org.springframework.security.web.access.intercept.AuthorizationFilter@5ae644ab]
2024-03-04 12:57:41,964 [restartedMain] INFO  o.s.b.d.a.OptionalLiveReloadServer                 : LiveReload server is running on port 35729
2024-03-04 12:57:42,010 [restartedMain] INFO  o.s.b.w.embedded.tomcat.TomcatWebServer            : Tomcat started on port 8080 (http) with context path ''
2024-03-04 12:57:42,022 [restartedMain] INFO  com.ngleanhvu.LearnJavaApplication                 : Started LearnJavaApplication in 3.862 seconds (process running for 4.157)
2024-03-04 12:57:46,221 [http-nio-8080-exec-1] INFO  o.a.c.c.C.[Tomcat].[localhost].[/]                 : Initializing Spring DispatcherServlet 'dispatcherServlet'
2024-03-04 12:57:46,221 [http-nio-8080-exec-1] INFO  o.s.web.servlet.DispatcherServlet                  : Initializing Servlet 'dispatcherServlet'
2024-03-04 12:57:46,222 [http-nio-8080-exec-1] INFO  o.s.web.servlet.DispatcherServlet                  : Completed initialization in 1 ms
