2024-03-03T20:11:40.511+07:00  INFO 3280 --- [restartedMain] com.ngleanhvu.LearnJavaApplication       : Starting LearnJavaApplication using Java 17.0.5 with PID 3280 (/Users/nguoideptrangian/Downloads/DOWLOAD/learn-java 2/target/classes started by nguoideptrangian in /Users/nguoideptrangian/Downloads/DOWLOAD/learn-java 2)
2024-03-03T20:11:40.513+07:00  INFO 3280 --- [restartedMain] com.ngleanhvu.LearnJavaApplication       : No active profile set, falling back to 1 default profile: "default"
2024-03-03T20:11:40.560+07:00  INFO 3280 --- [restartedMain] .e.DevToolsPropertyDefaultsPostProcessor : Devtools property defaults active! Set 'spring.devtools.add-properties' to 'false' to disable
2024-03-03T20:11:40.560+07:00  INFO 3280 --- [restartedMain] .e.DevToolsPropertyDefaultsPostProcessor : For additional web related logging consider setting the 'logging.level.web' property to 'DEBUG'
2024-03-03T20:11:41.070+07:00  INFO 3280 --- [restartedMain] .s.d.r.c.RepositoryConfigurationDelegate : Bootstrapping Spring Data JPA repositories in DEFAULT mode.
2024-03-03T20:11:41.110+07:00  INFO 3280 --- [restartedMain] .s.d.r.c.RepositoryConfigurationDelegate : Finished Spring Data repository scanning in 35 ms. Found 5 JPA repository interfaces.
2024-03-03T20:11:41.510+07:00  INFO 3280 --- [restartedMain] o.s.b.w.embedded.tomcat.TomcatWebServer  : Tomcat initialized with port 8080 (http)
2024-03-03T20:11:41.518+07:00  INFO 3280 --- [restartedMain] o.apache.catalina.core.StandardService   : Starting service [Tomcat]
2024-03-03T20:11:41.518+07:00  INFO 3280 --- [restartedMain] o.apache.catalina.core.StandardEngine    : Starting Servlet engine: [Apache Tomcat/10.1.18]
2024-03-03T20:11:41.554+07:00  INFO 3280 --- [restartedMain] o.a.c.c.C.[Tomcat].[localhost].[/]       : Initializing Spring embedded WebApplicationContext
2024-03-03T20:11:41.554+07:00  INFO 3280 --- [restartedMain] w.s.c.ServletWebServerApplicationContext : Root WebApplicationContext: initialization completed in 993 ms
2024-03-03T20:11:41.646+07:00  INFO 3280 --- [restartedMain] o.hibernate.jpa.internal.util.LogHelper  : HHH000204: Processing PersistenceUnitInfo [name: default]
2024-03-03T20:11:41.680+07:00  INFO 3280 --- [restartedMain] org.hibernate.Version                    : HHH000412: Hibernate ORM core version 6.4.1.Final
2024-03-03T20:11:41.699+07:00  INFO 3280 --- [restartedMain] o.h.c.internal.RegionFactoryInitiator    : HHH000026: Second-level cache disabled
2024-03-03T20:11:41.850+07:00  INFO 3280 --- [restartedMain] o.s.o.j.p.SpringPersistenceUnitInfo      : No LoadTimeWeaver setup: ignoring JPA class transformer
2024-03-03T20:11:41.866+07:00  INFO 3280 --- [restartedMain] com.zaxxer.hikari.HikariDataSource       : HikariPool-1 - Starting...
2024-03-03T20:11:41.950+07:00  INFO 3280 --- [restartedMain] com.zaxxer.hikari.pool.HikariPool        : HikariPool-1 - Added connection com.mysql.cj.jdbc.ConnectionImpl@1074d4c4
2024-03-03T20:11:41.951+07:00  INFO 3280 --- [restartedMain] com.zaxxer.hikari.HikariDataSource       : HikariPool-1 - Start completed.
2024-03-03T20:11:41.975+07:00  WARN 3280 --- [restartedMain] org.hibernate.orm.deprecation            : HHH90000025: MySQLDialect does not need to be specified explicitly using 'hibernate.dialect' (remove the property setting and it will be selected by default)
2024-03-03T20:11:42.437+07:00  INFO 3280 --- [restartedMain] o.h.e.t.j.p.i.JtaPlatformInitiator       : HHH000489: No JTA platform available (set 'hibernate.transaction.jta.platform' to enable JTA platform integration)
2024-03-03T20:11:42.503+07:00  INFO 3280 --- [restartedMain] j.LocalContainerEntityManagerFactoryBean : Initialized JPA EntityManagerFactory for persistence unit 'default'
2024-03-03T20:11:42.633+07:00  INFO 3280 --- [restartedMain] o.s.d.j.r.query.QueryEnhancerFactory     : Hibernate is in classpath; If applicable, HQL parser will be used.
2024-03-03T20:11:43.122+07:00  WARN 3280 --- [restartedMain] JpaBaseConfiguration$JpaWebConfiguration : spring.jpa.open-in-view is enabled by default. Therefore, database queries may be performed during view rendering. Explicitly configure spring.jpa.open-in-view to disable this warning
2024-03-03T20:11:43.277+07:00  INFO 3280 --- [restartedMain] o.s.s.web.DefaultSecurityFilterChain     : Will secure any request with [org.springframework.security.web.session.DisableEncodeUrlFilter@3936a47a, org.springframework.security.web.context.request.async.WebAsyncManagerIntegrationFilter@4fb454e8, org.springframework.security.web.context.SecurityContextHolderFilter@14b83ea6, org.springframework.security.web.header.HeaderWriterFilter@187edbd9, org.springframework.web.filter.CorsFilter@751005d3, org.springframework.security.web.authentication.logout.LogoutFilter@11483ce2, com.ngleanhvu.security.JwtAuthenticationFilter@166fba28, org.springframework.security.web.savedrequest.RequestCacheAwareFilter@74bf98a3, org.springframework.security.web.servletapi.SecurityContextHolderAwareRequestFilter@7f08df8e, org.springframework.security.web.authentication.AnonymousAuthenticationFilter@61fd2cb7, org.springframework.security.web.session.SessionManagementFilter@976a44e, org.springframework.security.web.access.ExceptionTranslationFilter@37cef4d4, org.springframework.security.web.access.intercept.AuthorizationFilter@4e6e9e0b]
2024-03-03T20:11:43.439+07:00  INFO 3280 --- [restartedMain] o.s.b.d.a.OptionalLiveReloadServer       : LiveReload server is running on port 35729
2024-03-03T20:11:43.458+07:00  INFO 3280 --- [restartedMain] o.s.b.w.embedded.tomcat.TomcatWebServer  : Tomcat started on port 8080 (http) with context path ''
2024-03-03T20:11:43.465+07:00  INFO 3280 --- [restartedMain] com.ngleanhvu.LearnJavaApplication       : Started LearnJavaApplication in 3.191 seconds (process running for 3.497)
2024-03-03T20:15:11.982+07:00  INFO 3280 --- [SpringApplicationShutdownHook] j.LocalContainerEntityManagerFactoryBean : Closing JPA EntityManagerFactory for persistence unit 'default'
2024-03-03T20:15:11.985+07:00  INFO 3280 --- [SpringApplicationShutdownHook] com.zaxxer.hikari.HikariDataSource       : HikariPool-1 - Shutdown initiated...
2024-03-03T20:15:11.988+07:00  INFO 3280 --- [SpringApplicationShutdownHook] com.zaxxer.hikari.HikariDataSource       : HikariPool-1 - Shutdown completed.
